<?xml version="1.0" encoding="UTF-8"?>
<testsuite name="tests.POMPageTest" tests="1" skipped="0" failures="0" errors="0" timestamp="2025-06-12T10:56:16.660Z" hostname="QQ.local" time="11.083">
  <properties/>
  <testcase name="TestCreateChallenge" classname="tests.POMPageTest" time="11.083"/>
  <system-out><![CDATA[Running tests in environment: DEV
Checking if element is displayed: LoginRedirect
Path: a.nav-link[href="/user/login"]
Checking if element is displayed: LoginAction
Path: button.btn.btn-primary.mt-2[type="submit"]
Checking if element is displayed: LOGIN_INPUT_USERNAME
Path: input[id='identifier']
Checking if element is displayed: LOGIN_INPUT_PASSWORD
Path: input[id='password']
Checking if element is displayed: DASHBOARD_MENU
Path: a.nav-link[href='/dashboard']
Checking if element is displayed: MY_CHALLENGE_REDIRECT
Path: .dropdown-menu.show a.dropdown-item[href^="/challenge/by/"]
]]></system-out>
  <system-err><![CDATA[Jun 12, 2025 5:56:16 PM org.openqa.selenium.devtools.CdpVersionFinder findNearestMatch
WARNING: Unable to find CDP implementation matching 137
Jun 12, 2025 5:56:16 PM org.openqa.selenium.chromium.ChromiumDriver lambda$new$5
WARNING: Unable to find version of CDP to use for 137.0.7151.69. You may need to include a dependency on a specific version of the CDP using something similar to `org.seleniumhq.selenium:selenium-devtools-v86:4.21.0` where the version ("v86") matches the version of the chromium-based browser you're using and the version number of the artifact is the same as Selenium's.
]]></system-err>
</testsuite>
