<?xml version="1.0" encoding="UTF-8"?>
<!-- Generated by org.testng.reporters.JUnitReportReporter -->
<testsuite hostname="QQ.local" failures="0" tests="1" name="tests.POMPageTest" time="12.196" errors="0" timestamp="2025-06-13T01:10:28 ICT" skipped="0">
  <testcase classname="tests.POMPageTest" name="TestCreateChallenge" time="12.196"/>
  <system-out/>
</testsuite> <!-- tests.POMPageTest -->
