<?xml version="1.0" encoding="UTF-8"?>
<!-- Generated by org.testng.reporters.JUnitReportReporter -->
<testsuite hostname="QQ.local" failures="0" tests="1" name="tests.POMPageTest" time="10.318" errors="0" timestamp="2025-06-12T18:25:33 ICT" skipped="0">
  <testcase classname="tests.POMPageTest" name="TestCreateChallenge" time="10.318"/>
  <system-out/>
</testsuite> <!-- tests.POMPageTest -->
